<?xml version="1.0" encoding="UTF-8"?>
<!-- Generated by org.testng.reporters.JUnitXMLReporter -->
<testsuite ignored="0" hostname="RepublicOfGamers" failures="0" tests="6" name="Default test" time="11.529" errors="0" timestamp="2023-05-22T16:57:18 IST">
  <testcase classname="api.test.DataDrivenTests" name="testDeleteUserByName" time="3.631"/>
  <testcase classname="api.test.DataDrivenTests" name="testDeleteUserByName" time="1.104"/>
  <testcase classname="api.test.DataDrivenTests" name="testDeleteUserByName" time="1.149"/>
  <testcase classname="api.test.DataDrivenTests" name="testPostUser" time="1.732"/>
  <testcase classname="api.test.DataDrivenTests" name="testPostUser" time="1.103"/>
  <testcase classname="api.test.DataDrivenTests" name="testPostUser" time="1.14"/>
</testsuite> <!-- Default test -->
