<?xml version="1.0" encoding="UTF-8"?>
<testng-results ignored="0" total="14" passed="14" failed="0" skipped="0">
  <reporter-output>
  </reporter-output>
  <suite started-at="2023-05-26T01:06:00 IST" name="PetSuite" finished-at="2023-05-26T01:06:23 IST" duration-ms="22795">
    <groups>
    </groups>
    <test started-at="2023-05-26T01:06:00 IST" name="PetTest" finished-at="2023-05-26T01:06:23 IST" duration-ms="22795">
      <class name="api.test.UserTestsWithPropertiesFile">
        <test-method is-config="true" signature="setupData()[pri:0, instance:api.test.UserTestsWithPropertiesFile@2ddc9a9f]" started-at="2023-05-26T01:06:17 IST" name="setupData" finished-at="2023-05-26T01:06:18 IST" duration-ms="49" status="PASS">
          <reporter-output>
          </reporter-output>
        </test-method> <!-- setupData -->
        <test-method signature="testPostUser()[pri:1, instance:api.test.UserTestsWithPropertiesFile@2ddc9a9f]" started-at="2023-05-26T01:06:18 IST" name="testPostUser" finished-at="2023-05-26T01:06:19 IST" duration-ms="1181" status="PASS">
          <reporter-output>
          </reporter-output>
        </test-method> <!-- testPostUser -->
        <test-method signature="testGetUserByName()[pri:2, instance:api.test.UserTestsWithPropertiesFile@2ddc9a9f]" started-at="2023-05-26T01:06:19 IST" name="testGetUserByName" finished-at="2023-05-26T01:06:20 IST" duration-ms="1064" status="PASS">
          <reporter-output>
          </reporter-output>
        </test-method> <!-- testGetUserByName -->
        <test-method signature="updateTestUserByName()[pri:3, instance:api.test.UserTestsWithPropertiesFile@2ddc9a9f]" started-at="2023-05-26T01:06:20 IST" name="updateTestUserByName" finished-at="2023-05-26T01:06:22 IST" duration-ms="2323" status="PASS">
          <reporter-output>
          </reporter-output>
        </test-method> <!-- updateTestUserByName -->
        <test-method signature="deleteUserByName()[pri:4, instance:api.test.UserTestsWithPropertiesFile@2ddc9a9f]" started-at="2023-05-26T01:06:22 IST" name="deleteUserByName" finished-at="2023-05-26T01:06:23 IST" duration-ms="1182" status="PASS">
          <reporter-output>
          </reporter-output>
        </test-method> <!-- deleteUserByName -->
      </class> <!-- api.test.UserTestsWithPropertiesFile -->
      <class name="api.test.DataDrivenTests">
        <test-method signature="testDeleteUserByName(java.lang.String)[pri:1, instance:api.test.DataDrivenTests@771a660]" started-at="2023-05-26T01:06:02 IST" name="testDeleteUserByName" data-provider="UserNames" finished-at="2023-05-26T01:06:05 IST" duration-ms="2667" status="PASS">
          <params>
            <param index="0">
              <value>
                <![CDATA[testuser1]]>
              </value>
            </param>
          </params>
          <reporter-output>
          </reporter-output>
        </test-method> <!-- testDeleteUserByName -->
        <test-method signature="testDeleteUserByName(java.lang.String)[pri:1, instance:api.test.DataDrivenTests@771a660]" started-at="2023-05-26T01:06:05 IST" name="testDeleteUserByName" data-provider="UserNames" finished-at="2023-05-26T01:06:06 IST" duration-ms="1123" status="PASS">
          <params>
            <param index="0">
              <value>
                <![CDATA[testuser2]]>
              </value>
            </param>
          </params>
          <reporter-output>
          </reporter-output>
        </test-method> <!-- testDeleteUserByName -->
        <test-method signature="testDeleteUserByName(java.lang.String)[pri:1, instance:api.test.DataDrivenTests@771a660]" started-at="2023-05-26T01:06:06 IST" name="testDeleteUserByName" data-provider="UserNames" finished-at="2023-05-26T01:06:07 IST" duration-ms="1140" status="PASS">
          <params>
            <param index="0">
              <value>
                <![CDATA[testuser3]]>
              </value>
            </param>
          </params>
          <reporter-output>
          </reporter-output>
        </test-method> <!-- testDeleteUserByName -->
        <test-method signature="testPostUser(java.lang.String,java.lang.String,java.lang.String,java.lang.String,java.lang.String,java.lang.String,java.lang.String)[pri:1, instance:api.test.DataDrivenTests@771a660]" started-at="2023-05-26T01:06:08 IST" name="testPostUser" data-provider="Data" finished-at="2023-05-26T01:06:09 IST" duration-ms="1578" status="PASS">
          <params>
            <param index="0">
              <value>
                <![CDATA[1010]]>
              </value>
            </param>
            <param index="1">
              <value>
                <![CDATA[testuser1]]>
              </value>
            </param>
            <param index="2">
              <value>
                <![CDATA[John]]>
              </value>
            </param>
            <param index="3">
              <value>
                <![CDATA[Canedy]]>
              </value>
            </param>
            <param index="4">
              <value>
                <![CDATA[a@gmail.com]]>
              </value>
            </param>
            <param index="5">
              <value>
                <![CDATA[test@1]]>
              </value>
            </param>
            <param index="6">
              <value>
                <![CDATA[123456789]]>
              </value>
            </param>
          </params>
          <reporter-output>
          </reporter-output>
        </test-method> <!-- testPostUser -->
        <test-method signature="testPostUser(java.lang.String,java.lang.String,java.lang.String,java.lang.String,java.lang.String,java.lang.String,java.lang.String)[pri:1, instance:api.test.DataDrivenTests@771a660]" started-at="2023-05-26T01:06:09 IST" name="testPostUser" data-provider="Data" finished-at="2023-05-26T01:06:10 IST" duration-ms="1077" status="PASS">
          <params>
            <param index="0">
              <value>
                <![CDATA[1020]]>
              </value>
            </param>
            <param index="1">
              <value>
                <![CDATA[testuser2]]>
              </value>
            </param>
            <param index="2">
              <value>
                <![CDATA[Kim]]>
              </value>
            </param>
            <param index="3">
              <value>
                <![CDATA[Kom]]>
              </value>
            </param>
            <param index="4">
              <value>
                <![CDATA[b@gmail.com]]>
              </value>
            </param>
            <param index="5">
              <value>
                <![CDATA[test@2]]>
              </value>
            </param>
            <param index="6">
              <value>
                <![CDATA[987654321]]>
              </value>
            </param>
          </params>
          <reporter-output>
          </reporter-output>
        </test-method> <!-- testPostUser -->
        <test-method signature="testPostUser(java.lang.String,java.lang.String,java.lang.String,java.lang.String,java.lang.String,java.lang.String,java.lang.String)[pri:1, instance:api.test.DataDrivenTests@771a660]" started-at="2023-05-26T01:06:10 IST" name="testPostUser" data-provider="Data" finished-at="2023-05-26T01:06:11 IST" duration-ms="1135" status="PASS">
          <params>
            <param index="0">
              <value>
                <![CDATA[1030]]>
              </value>
            </param>
            <param index="1">
              <value>
                <![CDATA[testuser3]]>
              </value>
            </param>
            <param index="2">
              <value>
                <![CDATA[Smith]]>
              </value>
            </param>
            <param index="3">
              <value>
                <![CDATA[Steve]]>
              </value>
            </param>
            <param index="4">
              <value>
                <![CDATA[c@gmail.com]]>
              </value>
            </param>
            <param index="5">
              <value>
                <![CDATA[test@3]]>
              </value>
            </param>
            <param index="6">
              <value>
                <![CDATA[369852147]]>
              </value>
            </param>
          </params>
          <reporter-output>
          </reporter-output>
        </test-method> <!-- testPostUser -->
      </class> <!-- api.test.DataDrivenTests -->
      <class name="api.test.UserTests">
        <test-method is-config="true" signature="setupData()[pri:0, instance:api.test.UserTests@2e385cce]" started-at="2023-05-26T01:06:11 IST" name="setupData" finished-at="2023-05-26T01:06:12 IST" duration-ms="189" status="PASS">
          <reporter-output>
          </reporter-output>
        </test-method> <!-- setupData -->
        <test-method signature="testPostUser()[pri:1, instance:api.test.UserTests@2e385cce]" started-at="2023-05-26T01:06:12 IST" name="testPostUser" finished-at="2023-05-26T01:06:13 IST" duration-ms="1181" status="PASS">
          <reporter-output>
          </reporter-output>
        </test-method> <!-- testPostUser -->
        <test-method signature="testGetUserByName()[pri:2, instance:api.test.UserTests@2e385cce]" started-at="2023-05-26T01:06:13 IST" name="testGetUserByName" finished-at="2023-05-26T01:06:14 IST" duration-ms="1123" status="PASS">
          <reporter-output>
          </reporter-output>
        </test-method> <!-- testGetUserByName -->
        <test-method signature="updateTestUserByName()[pri:3, instance:api.test.UserTests@2e385cce]" started-at="2023-05-26T01:06:14 IST" name="updateTestUserByName" finished-at="2023-05-26T01:06:16 IST" duration-ms="2196" status="PASS">
          <reporter-output>
          </reporter-output>
        </test-method> <!-- updateTestUserByName -->
        <test-method signature="deleteUserByName()[pri:4, instance:api.test.UserTests@2e385cce]" started-at="2023-05-26T01:06:16 IST" name="deleteUserByName" finished-at="2023-05-26T01:06:17 IST" duration-ms="1414" status="PASS">
          <reporter-output>
          </reporter-output>
        </test-method> <!-- deleteUserByName -->
      </class> <!-- api.test.UserTests -->
    </test> <!-- PetTest -->
  </suite> <!-- PetSuite -->
</testng-results>
