<?xml version="1.0" encoding="UTF-8"?>
<!-- Generated by org.testng.reporters.JUnitXMLReporter -->
<testsuite ignored="0" hostname="RepublicOfGamers" failures="0" tests="14" name="PetTest" time="22.795" errors="0" timestamp="2023-05-26T01:06:24 IST">
  <testcase classname="api.test.DataDrivenTests" name="testDeleteUserByName" time="2.667"/>
  <testcase classname="api.test.DataDrivenTests" name="testDeleteUserByName" time="1.123"/>
  <testcase classname="api.test.DataDrivenTests" name="testDeleteUserByName" time="1.14"/>
  <testcase classname="api.test.DataDrivenTests" name="testPostUser" time="1.578"/>
  <testcase classname="api.test.DataDrivenTests" name="testPostUser" time="1.077"/>
  <testcase classname="api.test.DataDrivenTests" name="testPostUser" time="1.135"/>
  <testcase classname="api.test.UserTests" name="testPostUser" time="1.181"/>
  <testcase classname="api.test.UserTests" name="testGetUserByName" time="1.123"/>
  <testcase classname="api.test.UserTests" name="updateTestUserByName" time="2.196"/>
  <testcase classname="api.test.UserTests" name="deleteUserByName" time="1.414"/>
  <testcase classname="api.test.UserTestsWithPropertiesFile" name="testPostUser" time="1.181"/>
  <testcase classname="api.test.UserTestsWithPropertiesFile" name="testGetUserByName" time="1.064"/>
  <testcase classname="api.test.UserTestsWithPropertiesFile" name="updateTestUserByName" time="2.323"/>
  <testcase classname="api.test.UserTestsWithPropertiesFile" name="deleteUserByName" time="1.182"/>
</testsuite> <!-- PetTest -->
